<?xml version="1.0" encoding="UTF-8"?>
<testsuite name="chapter02.SplitterTest" tests="3" skipped="0" failures="0" errors="0" timestamp="2023-02-13T17:29:55" hostname="jeong-eun-aui-MacBookPro.local" time="0.014">
  <properties/>
  <testcase name="문자분리_기본구분자_콜론()" classname="chapter02.SplitterTest" time="0.006"/>
  <testcase name="문자분리_기본구분자_콤마()" classname="chapter02.SplitterTest" time="0.003"/>
  <testcase name="문자분리_커스텀구분자()" classname="chapter02.SplitterTest" time="0.001"/>
  <system-out><![CDATA[]]></system-out>
  <system-err><![CDATA[]]></system-err>
</testsuite>
