<?xml version="1.0" encoding="UTF-8"?>
<testsuite name="chapter02.CalculatorTest" tests="1" skipped="0" failures="0" errors="0" timestamp="2023-02-16T17:08:13" hostname="jeong-eun-aui-MacBookPro.local" time="0.008">
  <properties/>
  <testcase name="더하기()" classname="chapter02.CalculatorTest" time="0.008"/>
  <system-out><![CDATA[]]></system-out>
  <system-err><![CDATA[]]></system-err>
</testsuite>
